action: python, msg: getenv
cwd: /home/admin123/PycharmProjects/fundooProject/fundooNotes
cmd: /home/admin123/PycharmProjects/fundooProject/fundooNotes/.tox/python/bin/python -m pip install -r/home/admin123/PycharmProjects/fundooProject/fundooNotes/requirements.txt
Collecting appdirs==1.4.3
  Using cached appdirs-1.4.3-py2.py3-none-any.whl (12 kB)
Collecting asgiref==3.2.3
  Using cached asgiref-3.2.3-py2.py3-none-any.whl (18 kB)
Collecting attrs==19.3.0
  Using cached attrs-19.3.0-py2.py3-none-any.whl (39 kB)
Collecting certifi==2019.11.28
  Using cached certifi-2019.11.28-py2.py3-none-any.whl (156 kB)
Collecting chardet==3.0.4
  Using cached chardet-3.0.4-py2.py3-none-any.whl (133 kB)
Processing /home/admin123/.cache/pip/wheels/6e/e8/db/c73dae4867666e89ba3cfbc4b5c092446f0e584eda6f409cbb/distlib-0.3.0-cp37-none-any.whl
Collecting Django==2.1.7
  Using cached Django-2.1.7-py3-none-any.whl (7.3 MB)
Collecting djangorestframework==3.11.0
  Using cached djangorestframework-3.11.0-py3-none-any.whl (911 kB)
Collecting filelock==3.0.12
  Using cached filelock-3.0.12-py3-none-any.whl (7.6 kB)
Collecting idna==2.9
  Using cached idna-2.9-py2.py3-none-any.whl (58 kB)
Collecting importlib-metadata==1.5.0
  Using cached importlib_metadata-1.5.0-py2.py3-none-any.whl (30 kB)
Collecting more-itertools==8.2.0
  Using cached more_itertools-8.2.0-py3-none-any.whl (43 kB)
Collecting packaging==20.3
  Using cached packaging-20.3-py2.py3-none-any.whl (37 kB)
Collecting pluggy==0.13.1
  Using cached pluggy-0.13.1-py2.py3-none-any.whl (18 kB)
Collecting py==1.8.1
  Using cached py-1.8.1-py2.py3-none-any.whl (83 kB)
Collecting PyMySQL==0.9.3
  Using cached PyMySQL-0.9.3-py2.py3-none-any.whl (47 kB)
Collecting pyparsing==2.4.6
  Using cached pyparsing-2.4.6-py2.py3-none-any.whl (67 kB)
Collecting pytest==5.3.5
  Using cached pytest-5.3.5-py3-none-any.whl (235 kB)
Collecting pytz==2019.3
  Using cached pytz-2019.3-py2.py3-none-any.whl (509 kB)
Collecting requests==2.23.0
  Using cached requests-2.23.0-py2.py3-none-any.whl (58 kB)
Collecting six==1.14.0
  Using cached six-1.14.0-py2.py3-none-any.whl (10 kB)
Collecting sqlparse==0.3.1
  Using cached sqlparse-0.3.1-py2.py3-none-any.whl (40 kB)
Collecting toml==0.10.0
  Using cached toml-0.10.0-py2.py3-none-any.whl (25 kB)
Collecting tox==3.14.5
  Using cached tox-3.14.5-py2.py3-none-any.whl (81 kB)
Collecting urllib3==1.25.8
  Using cached urllib3-1.25.8-py2.py3-none-any.whl (125 kB)
Collecting virtualenv==20.0.8
  Using cached virtualenv-20.0.8-py2.py3-none-any.whl (4.6 MB)
Collecting wcwidth==0.1.8
  Using cached wcwidth-0.1.8-py2.py3-none-any.whl (17 kB)
Collecting zipp==3.1.0
  Using cached zipp-3.1.0-py3-none-any.whl (4.9 kB)
Installing collected packages: appdirs, asgiref, attrs, certifi, chardet, distlib, pytz, Django, djangorestframework, filelock, idna, zipp, importlib-metadata, more-itertools, six, pyparsing, packaging, pluggy, py, PyMySQL, wcwidth, pytest, urllib3, requests, sqlparse, toml, virtualenv, tox
Successfully installed Django-2.1.7 PyMySQL-0.9.3 appdirs-1.4.3 asgiref-3.2.3 attrs-19.3.0 certifi-2019.11.28 chardet-3.0.4 distlib-0.3.0 djangorestframework-3.11.0 filelock-3.0.12 idna-2.9 importlib-metadata-1.5.0 more-itertools-8.2.0 packaging-20.3 pluggy-0.13.1 py-1.8.1 pyparsing-2.4.6 pytest-5.3.5 pytz-2019.3 requests-2.23.0 six-1.14.0 sqlparse-0.3.1 toml-0.10.0 tox-3.14.5 urllib3-1.25.8 virtualenv-20.0.8 wcwidth-0.1.8 zipp-3.1.0
